<?xml version="1.0" encoding="UTF-8"?>
<!-- Generated by org.testng.reporters.JUnitReportReporter -->
<testsuite skipped="0" hostname="DESKTOP-J8OAB9K" name="com.yourlogo.testcases.AddToCartPageTest" tests="2" failures="0" timestamp="23 Sep 2020 19:47:26 GMT" time="19.778" errors="0">
  <testcase name="addOneItemToCartTest" time="10.549" classname="com.yourlogo.testcases.AddToCartPageTest"/>
  <testcase name="clickCheckOutTest" time="9.229" classname="com.yourlogo.testcases.AddToCartPageTest"/>
</testsuite> <!-- com.yourlogo.testcases.AddToCartPageTest -->
