<?xml version="1.0" encoding="UTF-8"?>
<!-- Generated by org.testng.reporters.JUnitReportReporter -->
<testsuite skipped="0" hostname="DESKTOP-J8OAB9K" name="com.yourlogo.testcases.AlreadyAccountPageTest" tests="4" failures="0" timestamp="16 Sep 2020 20:22:05 GMT" time="45.251" errors="0">
  <testcase name="checkAccountPageTest" time="11.130" classname="com.yourlogo.testcases.AlreadyAccountPageTest"/>
  <testcase name="BlankUnPwTest" time="11.605" classname="com.yourlogo.testcases.AlreadyAccountPageTest"/>
  <testcase name="WrongUnPwTest" time="9.722" classname="com.yourlogo.testcases.AlreadyAccountPageTest"/>
  <testcase name="signInTest" time="12.794" classname="com.yourlogo.testcases.AlreadyAccountPageTest"/>
</testsuite> <!-- com.yourlogo.testcases.AlreadyAccountPageTest -->
