<?xml version="1.0" encoding="UTF-8"?>
<!-- Generated by org.testng.reporters.JUnitReportReporter -->
<testsuite skipped="0" hostname="DESKTOP-J8OAB9K" name="com.yourlogo.testcases.LoginPageTest" tests="1" failures="0" timestamp="23 Sep 2020 19:47:26 GMT" time="8.855" errors="0">
  <testcase name="goToLogInPageTest" time="8.855" classname="com.yourlogo.testcases.LoginPageTest"/>
</testsuite> <!-- com.yourlogo.testcases.LoginPageTest -->
