<?xml version="1.0" encoding="UTF-8"?>
<!-- Generated by org.testng.reporters.JUnitReportReporter -->
<testsuite skipped="0" hostname="DESKTOP-J8OAB9K" name="com.yourlogo.testcases.AlreadyAccountPageTest" tests="4" failures="0" timestamp="23 Sep 2020 19:47:26 GMT" time="42.688" errors="0">
  <testcase name="checkAccountPageTest" time="10.669" classname="com.yourlogo.testcases.AlreadyAccountPageTest"/>
  <testcase name="BlankUnPwTest" time="11.961" classname="com.yourlogo.testcases.AlreadyAccountPageTest"/>
  <testcase name="WrongUnPwTest" time="10.472" classname="com.yourlogo.testcases.AlreadyAccountPageTest"/>
  <testcase name="signInTest" time="9.586" classname="com.yourlogo.testcases.AlreadyAccountPageTest"/>
</testsuite> <!-- com.yourlogo.testcases.AlreadyAccountPageTest -->
