<?xml version="1.0" encoding="UTF-8"?>
<!-- Generated by org.testng.reporters.JUnitReportReporter -->
<testsuite skipped="0" hostname="DESKTOP-J8OAB9K" name="com.yourlogo.testcases.LoginPageTest" tests="1" failures="0" timestamp="16 Sep 2020 20:22:05 GMT" time="13.579" errors="0">
  <testcase name="goToLogInPageTest" time="13.579" classname="com.yourlogo.testcases.LoginPageTest"/>
</testsuite> <!-- com.yourlogo.testcases.LoginPageTest -->
