<?xml version="1.0" encoding="UTF-8"?>
<!-- Generated by org.testng.reporters.JUnitReportReporter -->
<testsuite skipped="0" hostname="DESKTOP-J8OAB9K" name="com.yourlogo.testcases.AddToCartPageTest" tests="2" failures="0" timestamp="16 Sep 2020 20:22:05 GMT" time="18.152" errors="0">
  <testcase name="addOneItemToCartTest" time="9.136" classname="com.yourlogo.testcases.AddToCartPageTest"/>
  <testcase name="clickCheckOutTest" time="9.016" classname="com.yourlogo.testcases.AddToCartPageTest"/>
</testsuite> <!-- com.yourlogo.testcases.AddToCartPageTest -->
