<?xml version="1.0" encoding="UTF-8"?>
<!-- Generated by org.testng.reporters.JUnitReportReporter -->
<testsuite skipped="0" hostname="DESKTOP-J8OAB9K" name="com.yourlogo.testcases.MyAccountPageTest" tests="1" failures="0" timestamp="24 Sep 2020 20:49:01 GMT" time="0.001" errors="0">
  <testcase name="test" time="0.001" classname="com.yourlogo.testcases.MyAccountPageTest"/>
</testsuite> <!-- com.yourlogo.testcases.MyAccountPageTest -->
