<?xml version="1.0" encoding="UTF-8"?>
<!-- Generated by org.testng.reporters.JUnitReportReporter -->
<testsuite skipped="0" hostname="DESKTOP-J8OAB9K" name="com.yourlogo.testcases.LoginPageTest" tests="1" failures="0" timestamp="24 Sep 2020 20:49:01 GMT" time="14.798" errors="0">
  <testcase name="goToLogInPageTest" time="14.798" classname="com.yourlogo.testcases.LoginPageTest"/>
</testsuite> <!-- com.yourlogo.testcases.LoginPageTest -->
